{"name":"suzaku","hostname":"nakubuntu-Inspiron-7572","pid":609354,"level":30,"msg":"👳 Hello ViBritannia, I am Suzaku","time":"2021-06-17T04:33:53.707Z","v":0}
{"name":"suzaku","hostname":"nakubuntu-Inspiron-7572","pid":609690,"level":30,"msg":"👳 Hello ViBritannia, I am Suzaku","time":"2021-06-17T04:34:48.710Z","v":0}
{"name":"suzaku","hostname":"nakubuntu-Inspiron-7572","pid":609690,"level":30,"msg":"Browser started.","time":"2021-06-17T04:34:50.018Z","v":0}
{"name":"suzaku","hostname":"nakubuntu-Inspiron-7572","pid":610050,"level":30,"msg":"👳 Hello ViBritannia, I am Suzaku","time":"2021-06-17T04:35:16.976Z","v":0}
{"name":"suzaku","hostname":"nakubuntu-Inspiron-7572","pid":610050,"level":30,"msg":"Browser started.","time":"2021-06-17T04:35:17.181Z","v":0}
{"name":"suzaku","hostname":"nakubuntu-Inspiron-7572","pid":93250,"level":30,"msg":"👳 Hello ViBritannia, I am Suzaku","time":"2021-06-17T23:41:08.116Z","v":0}
{"name":"suzaku","hostname":"nakubuntu-Inspiron-7572","pid":93250,"level":30,"msg":"Browser started.","time":"2021-06-17T23:41:09.471Z","v":0}
{"name":"suzaku","hostname":"nakubuntu-Inspiron-7572","pid":94889,"level":30,"msg":"👳 Hello ViBritannia, I am Suzaku","time":"2021-06-17T23:42:08.151Z","v":0}
{"name":"suzaku","hostname":"nakubuntu-Inspiron-7572","pid":94889,"level":30,"msg":"Browser started.","time":"2021-06-17T23:42:09.453Z","v":0}
{"name":"suzaku","hostname":"nakubuntu-Inspiron-7572","pid":95478,"level":30,"msg":"👳 Hello ViBritannia, I am Suzaku","time":"2021-06-17T23:43:41.343Z","v":0}
{"name":"suzaku","hostname":"nakubuntu-Inspiron-7572","pid":95478,"level":30,"msg":"Browser started.","time":"2021-06-17T23:43:42.385Z","v":0}
{"name":"suzaku","hostname":"nakubuntu-Inspiron-7572","pid":95478,"email":"fernandonakamuta@gmail.com","level":50,"err":{"message":"Execution context was destroyed, most likely because of a navigation.","name":"Error","stack":"Error: Execution context was destroyed, most likely because of a navigation.\n    at rewriteError (/home/nakubuntu/node_modules/puppeteer/lib/cjs/puppeteer/common/ExecutionContext.js:265:23)\n    at processTicksAndRejections (internal/process/task_queues.js:97:5)\n    at async ExecutionContext._evaluateInternal (/home/nakubuntu/node_modules/puppeteer/lib/cjs/puppeteer/common/ExecutionContext.js:165:64)\n    at async /home/nakubuntu/node_modules/puppeteer/lib/cjs/puppeteer/common/DOMWorld.js:102:30\n    at async DOMWorld.$ (/home/nakubuntu/node_modules/puppeteer/lib/cjs/puppeteer/common/DOMWorld.js:94:26)\n    at async DOMWorld.type (/home/nakubuntu/node_modules/puppeteer/lib/cjs/puppeteer/common/DOMWorld.js:306:24)\n    at async Suzaku.login (/home/nakubuntu/Documents/Personal/Vibritannia/Suzaku/suzaku.js:57:5)\n    at async Suzaku.start (/home/nakubuntu/Documents/Personal/Vibritannia/Suzaku/suzaku.js:85:7)"},"msg":"Execution context was destroyed, most likely because of a navigation.","time":"2021-06-17T23:43:42.717Z","v":0}
{"name":"suzaku","hostname":"nakubuntu-Inspiron-7572","pid":95478,"email":"fernandonakamuta@gmail.com","level":30,"msg":"Restarting Suzaku...","time":"2021-06-17T23:43:42.718Z","v":0}
{"name":"suzaku","hostname":"nakubuntu-Inspiron-7572","pid":95705,"level":30,"msg":"👳 Hello ViBritannia, I am Suzaku","time":"2021-06-17T23:44:14.410Z","v":0}
{"name":"suzaku","hostname":"nakubuntu-Inspiron-7572","pid":95705,"level":30,"msg":"Browser started.","time":"2021-06-17T23:44:15.471Z","v":0}
{"name":"suzaku","hostname":"nakubuntu-Inspiron-7572","pid":95705,"email":"fernandonakamuta@gmail.com","level":50,"err":{"message":"Evaluation failed: DOMException: Failed to execute 'querySelector' on 'Document': '[object HTMLInputElement]' is not a valid selector.\n    at <anonymous>:1:33","name":"Error","stack":"Error: Evaluation failed: DOMException: Failed to execute 'querySelector' on 'Document': '[object HTMLInputElement]' is not a valid selector.\n    at <anonymous>:1:33\n    at ExecutionContext._evaluateInternal (/home/nakubuntu/node_modules/puppeteer/lib/cjs/puppeteer/common/ExecutionContext.js:221:19)\n    at processTicksAndRejections (internal/process/task_queues.js:97:5)\n    at async ElementHandle.evaluateHandle (/home/nakubuntu/node_modules/puppeteer/lib/cjs/puppeteer/common/JSHandle.js:120:16)\n    at async Object.internalHandler.queryOne (/home/nakubuntu/node_modules/puppeteer/lib/cjs/puppeteer/common/QueryHandler.js:24:30)\n    at async DOMWorld.$ (/home/nakubuntu/node_modules/puppeteer/lib/cjs/puppeteer/common/DOMWorld.js:95:23)\n    at async DOMWorld.type (/home/nakubuntu/node_modules/puppeteer/lib/cjs/puppeteer/common/DOMWorld.js:306:24)\n    at async Suzaku.login (/home/nakubuntu/Documents/Personal/Vibritannia/Suzaku/suzaku.js:57:5)\n    at async Suzaku.start (/home/nakubuntu/Documents/Personal/Vibritannia/Suzaku/suzaku.js:85:7)"},"msg":"Evaluation failed: DOMException: Failed to execute 'querySelector' on 'Document': '[object HTMLInputElement]' is not a valid selector.\n    at <anonymous>:1:33","time":"2021-06-17T23:44:19.008Z","v":0}
{"name":"suzaku","hostname":"nakubuntu-Inspiron-7572","pid":95705,"email":"fernandonakamuta@gmail.com","level":30,"msg":"Restarting Suzaku...","time":"2021-06-17T23:44:19.009Z","v":0}
{"name":"suzaku","hostname":"nakubuntu-Inspiron-7572","pid":95937,"level":30,"msg":"👳 Hello ViBritannia, I am Suzaku","time":"2021-06-17T23:44:55.231Z","v":0}
{"name":"suzaku","hostname":"nakubuntu-Inspiron-7572","pid":95937,"level":30,"msg":"Browser started.","time":"2021-06-17T23:44:56.247Z","v":0}
{"name":"suzaku","hostname":"nakubuntu-Inspiron-7572","pid":96311,"level":30,"msg":"👳 Hello ViBritannia, I am Suzaku","time":"2021-06-17T23:46:03.595Z","v":0}
{"name":"suzaku","hostname":"nakubuntu-Inspiron-7572","pid":96311,"level":30,"msg":"Browser started.","time":"2021-06-17T23:46:04.588Z","v":0}
{"name":"suzaku","hostname":"nakubuntu-Inspiron-7572","pid":97424,"level":30,"msg":"👳 Hello ViBritannia, I am Suzaku","time":"2021-06-17T23:49:59.766Z","v":0}
{"name":"suzaku","hostname":"nakubuntu-Inspiron-7572","pid":97424,"level":30,"msg":"Browser started.","time":"2021-06-17T23:50:00.757Z","v":0}
{"name":"suzaku","hostname":"nakubuntu-Inspiron-7572","pid":101991,"level":30,"msg":"👳 Hello ViBritannia, I am Suzaku","time":"2021-06-18T00:20:02.556Z","v":0}
{"name":"suzaku","hostname":"nakubuntu-Inspiron-7572","pid":101991,"level":30,"msg":"Browser started.","time":"2021-06-18T00:20:03.256Z","v":0}
{"name":"suzaku","hostname":"nakubuntu-Inspiron-7572","pid":101991,"email":"fernandonakamuta@gmail.com","level":30,"msg":"Entering DataLover Server","time":"2021-06-18T00:20:08.374Z","v":0}
{"name":"suzaku","hostname":"nakubuntu-Inspiron-7572","pid":102309,"level":30,"msg":"👳 Hello ViBritannia, I am Suzaku","time":"2021-06-18T00:20:46.113Z","v":0}
{"name":"suzaku","hostname":"nakubuntu-Inspiron-7572","pid":102309,"level":30,"msg":"Browser started.","time":"2021-06-18T00:20:46.873Z","v":0}
{"name":"suzaku","hostname":"nakubuntu-Inspiron-7572","pid":102309,"email":"fernandonakamuta@gmail.com","level":30,"msg":"Entering DataLover Server","time":"2021-06-18T00:20:51.712Z","v":0}
{"name":"suzaku","hostname":"nakubuntu-Inspiron-7572","pid":102769,"level":30,"msg":"👳 Hello ViBritannia, I am Suzaku","time":"2021-06-18T00:21:55.422Z","v":0}
{"name":"suzaku","hostname":"nakubuntu-Inspiron-7572","pid":102769,"level":30,"msg":"Browser started.","time":"2021-06-18T00:21:56.208Z","v":0}
{"name":"suzaku","hostname":"nakubuntu-Inspiron-7572","pid":102769,"email":"fernandonakamuta@gmail.com","level":30,"msg":"Entering DataLover Server","time":"2021-06-18T00:22:00.684Z","v":0}
{"name":"suzaku","hostname":"nakubuntu-Inspiron-7572","pid":107128,"level":30,"msg":"👳 Hello ViBritannia, I am Suzaku","time":"2021-06-18T00:41:44.265Z","v":0}
{"name":"suzaku","hostname":"nakubuntu-Inspiron-7572","pid":107128,"level":30,"msg":"Browser started.","time":"2021-06-18T00:41:45.130Z","v":0}
{"name":"suzaku","hostname":"nakubuntu-Inspiron-7572","pid":107128,"email":"fernandonakamuta@gmail.com","level":30,"msg":"Entering DataLover Server","time":"2021-06-18T00:41:50.649Z","v":0}
{"name":"suzaku","hostname":"nakubuntu-Inspiron-7572","pid":107128,"email":"fernandonakamuta@gmail.com","level":30,"msg":"Entering rtx3060 Server","time":"2021-06-18T00:41:52.464Z","v":0}
{"name":"suzaku","hostname":"nakubuntu-Inspiron-7572","pid":107128,"email":"fernandonakamuta@gmail.com","level":50,"err":{"message":"channelEl.click is not a function","name":"TypeError","stack":"TypeError: channelEl.click is not a function\n    at Suzaku.enterChannel (/home/nakubuntu/Documents/Personal/Vibritannia/Suzaku/suzaku.js:72:21)\n    at processTicksAndRejections (internal/process/task_queues.js:97:5)\n    at async Suzaku.start (/home/nakubuntu/Documents/Personal/Vibritannia/Suzaku/suzaku.js:98:7)"},"msg":"channelEl.click is not a function","time":"2021-06-18T00:41:52.757Z","v":0}
{"name":"suzaku","hostname":"nakubuntu-Inspiron-7572","pid":107128,"email":"fernandonakamuta@gmail.com","level":30,"msg":"Restarting Suzaku...","time":"2021-06-18T00:41:52.758Z","v":0}
{"name":"suzaku","hostname":"nakubuntu-Inspiron-7572","pid":107128,"level":30,"msg":"Browser started.","time":"2021-06-18T00:41:53.797Z","v":0}
{"name":"suzaku","hostname":"nakubuntu-Inspiron-7572","pid":107128,"email":"fernandonakamuta@gmail.com","level":30,"msg":"Entering DataLover Server","time":"2021-06-18T00:41:58.620Z","v":0}
{"name":"suzaku","hostname":"nakubuntu-Inspiron-7572","pid":107557,"level":30,"msg":"👳 Hello ViBritannia, I am Suzaku","time":"2021-06-18T00:42:30.270Z","v":0}
{"name":"suzaku","hostname":"nakubuntu-Inspiron-7572","pid":107557,"level":30,"msg":"Browser started.","time":"2021-06-18T00:42:31.114Z","v":0}
{"name":"suzaku","hostname":"nakubuntu-Inspiron-7572","pid":107557,"email":"fernandonakamuta@gmail.com","level":30,"msg":"Entering DataLover Server","time":"2021-06-18T00:42:35.890Z","v":0}
{"name":"suzaku","hostname":"nakubuntu-Inspiron-7572","pid":107557,"email":"fernandonakamuta@gmail.com","level":30,"msg":"Entering rtx3060 Server","time":"2021-06-18T00:42:37.781Z","v":0}
{"name":"suzaku","hostname":"nakubuntu-Inspiron-7572","pid":92251,"level":30,"msg":"👳 Hello ViBritannia, I am Suzaku","time":"2021-06-19T03:44:13.370Z","v":0}
{"name":"suzaku","hostname":"nakubuntu-Inspiron-7572","pid":92251,"level":30,"msg":"Browser started.","time":"2021-06-19T03:44:16.086Z","v":0}
{"name":"suzaku","hostname":"nakubuntu-Inspiron-7572","pid":92251,"email":"fernandonakamuta@gmail.com","level":30,"msg":"Entering DataLover Server","time":"2021-06-19T03:44:20.827Z","v":0}
{"name":"suzaku","hostname":"nakubuntu-Inspiron-7572","pid":92251,"email":"fernandonakamuta@gmail.com","level":30,"msg":"Entering rtx3060 Server","time":"2021-06-19T03:44:22.687Z","v":0}
{"name":"suzaku","hostname":"nakubuntu-Inspiron-7572","pid":92709,"level":30,"msg":"👳 Hello ViBritannia, I am Suzaku","time":"2021-06-19T03:44:59.391Z","v":0}
{"name":"suzaku","hostname":"nakubuntu-Inspiron-7572","pid":92709,"level":30,"msg":"Browser started.","time":"2021-06-19T03:45:00.160Z","v":0}
{"name":"suzaku","hostname":"nakubuntu-Inspiron-7572","pid":93367,"level":30,"msg":"👳 Hello ViBritannia, I am Suzaku","time":"2021-06-19T03:45:27.659Z","v":0}
{"name":"suzaku","hostname":"nakubuntu-Inspiron-7572","pid":93367,"level":30,"msg":"Browser started.","time":"2021-06-19T03:45:28.465Z","v":0}
{"name":"suzaku","hostname":"nakubuntu-Inspiron-7572","pid":93367,"email":"fernandonakamuta@gmail.com","level":30,"msg":"Entering DataLover Server","time":"2021-06-19T03:45:33.252Z","v":0}
{"name":"suzaku","hostname":"nakubuntu-Inspiron-7572","pid":93367,"email":"fernandonakamuta@gmail.com","level":30,"msg":"Entering rtx3060 Server","time":"2021-06-19T03:45:35.447Z","v":0}
{"name":"suzaku","hostname":"nakubuntu-Inspiron-7572","pid":93851,"level":30,"msg":"👳 Hello ViBritannia, I am Suzaku","time":"2021-06-19T03:46:04.669Z","v":0}
{"name":"suzaku","hostname":"nakubuntu-Inspiron-7572","pid":93851,"level":30,"msg":"Browser started.","time":"2021-06-19T03:46:05.409Z","v":0}
{"name":"suzaku","hostname":"nakubuntu-Inspiron-7572","pid":94030,"level":30,"msg":"👳 Hello ViBritannia, I am Suzaku","time":"2021-06-19T03:46:18.381Z","v":0}
{"name":"suzaku","hostname":"nakubuntu-Inspiron-7572","pid":94030,"level":30,"msg":"Browser started.","time":"2021-06-19T03:46:19.145Z","v":0}
{"name":"suzaku","hostname":"nakubuntu-Inspiron-7572","pid":94030,"email":"fernandonakamuta@gmail.com","level":30,"msg":"Entering DataLover Server","time":"2021-06-19T03:46:23.493Z","v":0}
{"name":"suzaku","hostname":"nakubuntu-Inspiron-7572","pid":94030,"email":"fernandonakamuta@gmail.com","level":30,"msg":"Entering rtx3060 Server","time":"2021-06-19T03:46:26.014Z","v":0}
{"name":"suzaku","hostname":"nakubuntu-Inspiron-7572","pid":94030,"email":"fernandonakamuta@gmail.com","level":50,"err":{"message":"Evaluation failed: DOMException: Failed to execute 'evaluate' on 'Document': The string '//div[contains(rtx3060)]' is not a valid XPath expression.\n    at <anonymous>:3:39","name":"Error","stack":"Error: Evaluation failed: DOMException: Failed to execute 'evaluate' on 'Document': The string '//div[contains(rtx3060)]' is not a valid XPath expression.\n    at <anonymous>:3:39\n    at ExecutionContext._evaluateInternal (/home/nakubuntu/node_modules/puppeteer/lib/cjs/puppeteer/common/ExecutionContext.js:221:19)\n    at processTicksAndRejections (internal/process/task_queues.js:97:5)\n    at async ElementHandle.evaluateHandle (/home/nakubuntu/node_modules/puppeteer/lib/cjs/puppeteer/common/JSHandle.js:120:16)\n    at async ElementHandle.$x (/home/nakubuntu/node_modules/puppeteer/lib/cjs/puppeteer/common/JSHandle.js:710:29)\n    at async DOMWorld.$x (/home/nakubuntu/node_modules/puppeteer/lib/cjs/puppeteer/common/DOMWorld.js:109:23)\n    at async Suzaku.enterChannel (/home/nakubuntu/Documents/Personal/Vibritannia/Suzaku/suzaku.js:71:25)\n    at async Suzaku.start (/home/nakubuntu/Documents/Personal/Vibritannia/Suzaku/suzaku.js:98:7)"},"msg":"Evaluation failed: DOMException: Failed to execute 'evaluate' on 'Document': The string '//div[contains(rtx3060)]' is not a valid XPath expression.\n    at <anonymous>:3:39","time":"2021-06-19T03:46:26.155Z","v":0}
{"name":"suzaku","hostname":"nakubuntu-Inspiron-7572","pid":94030,"email":"fernandonakamuta@gmail.com","level":30,"msg":"Restarting Suzaku...","time":"2021-06-19T03:46:26.156Z","v":0}
{"name":"suzaku","hostname":"nakubuntu-Inspiron-7572","pid":94030,"level":30,"msg":"Browser started.","time":"2021-06-19T03:46:27.177Z","v":0}
{"name":"suzaku","hostname":"nakubuntu-Inspiron-7572","pid":94410,"level":30,"msg":"👳 Hello ViBritannia, I am Suzaku","time":"2021-06-19T03:46:46.387Z","v":0}
{"name":"suzaku","hostname":"nakubuntu-Inspiron-7572","pid":94410,"level":30,"msg":"Browser started.","time":"2021-06-19T03:46:47.171Z","v":0}
{"name":"suzaku","hostname":"nakubuntu-Inspiron-7572","pid":94410,"email":"fernandonakamuta@gmail.com","level":30,"msg":"Entering DataLover Server","time":"2021-06-19T03:46:51.670Z","v":0}
{"name":"suzaku","hostname":"nakubuntu-Inspiron-7572","pid":95498,"level":30,"msg":"👳 Hello ViBritannia, I am Suzaku","time":"2021-06-19T03:49:47.385Z","v":0}
{"name":"suzaku","hostname":"nakubuntu-Inspiron-7572","pid":95498,"level":30,"msg":"Browser started.","time":"2021-06-19T03:49:48.151Z","v":0}
{"name":"suzaku","hostname":"nakubuntu-Inspiron-7572","pid":95498,"email":"fernandonakamuta@gmail.com","level":30,"msg":"Entering DataLover Server","time":"2021-06-19T03:49:52.883Z","v":0}
{"name":"suzaku","hostname":"nakubuntu-Inspiron-7572","pid":96636,"level":30,"msg":"👳 Hello ViBritannia, I am Suzaku","time":"2021-06-19T03:52:40.262Z","v":0}
{"name":"suzaku","hostname":"nakubuntu-Inspiron-7572","pid":96636,"level":30,"msg":"Browser started.","time":"2021-06-19T03:52:41.028Z","v":0}
{"name":"suzaku","hostname":"nakubuntu-Inspiron-7572","pid":96636,"email":"fernandonakamuta@gmail.com","level":30,"msg":"Entering DataLover Server","time":"2021-06-19T03:52:44.999Z","v":0}
{"name":"suzaku","hostname":"nakubuntu-Inspiron-7572","pid":96636,"email":"fernandonakamuta@gmail.com","level":30,"msg":"Entering rtx3060 Server","time":"2021-06-19T03:52:46.602Z","v":0}
{"name":"suzaku","hostname":"nakubuntu-Inspiron-7572","pid":96636,"email":"fernandonakamuta@gmail.com","level":50,"err":{"message":"channelEl is not defined","name":"ReferenceError","stack":"ReferenceError: channelEl is not defined\n    at Suzaku.enterChannel (/home/nakubuntu/Documents/Personal/Vibritannia/Suzaku/suzaku.js:74:5)\n    at processTicksAndRejections (internal/process/task_queues.js:97:5)\n    at async Suzaku.start (/home/nakubuntu/Documents/Personal/Vibritannia/Suzaku/suzaku.js:100:7)"},"msg":"channelEl is not defined","time":"2021-06-19T03:52:46.840Z","v":0}
{"name":"suzaku","hostname":"nakubuntu-Inspiron-7572","pid":96636,"email":"fernandonakamuta@gmail.com","level":30,"msg":"Restarting Suzaku...","time":"2021-06-19T03:52:46.841Z","v":0}
{"name":"suzaku","hostname":"nakubuntu-Inspiron-7572","pid":96636,"level":30,"msg":"Browser started.","time":"2021-06-19T03:52:47.826Z","v":0}
{"name":"suzaku","hostname":"nakubuntu-Inspiron-7572","pid":97395,"level":30,"msg":"👳 Hello ViBritannia, I am Suzaku","time":"2021-06-19T03:53:10.868Z","v":0}
{"name":"suzaku","hostname":"nakubuntu-Inspiron-7572","pid":97395,"level":30,"msg":"Browser started.","time":"2021-06-19T03:53:11.600Z","v":0}
{"name":"suzaku","hostname":"nakubuntu-Inspiron-7572","pid":97395,"email":"fernandonakamuta@gmail.com","level":30,"msg":"Entering DataLover Server","time":"2021-06-19T03:53:18.378Z","v":0}
{"name":"suzaku","hostname":"nakubuntu-Inspiron-7572","pid":97395,"email":"fernandonakamuta@gmail.com","level":30,"msg":"Entering rtx3060 Server","time":"2021-06-19T03:53:20.302Z","v":0}
{"name":"suzaku","hostname":"nakubuntu-Inspiron-7572","pid":97825,"level":30,"msg":"👳 Hello ViBritannia, I am Suzaku","time":"2021-06-19T03:53:45.552Z","v":0}
{"name":"suzaku","hostname":"nakubuntu-Inspiron-7572","pid":97825,"level":30,"msg":"Browser started.","time":"2021-06-19T03:53:46.332Z","v":0}
{"name":"suzaku","hostname":"nakubuntu-Inspiron-7572","pid":97825,"email":"fernandonakamuta@gmail.com","level":30,"msg":"Entering DataLover Server","time":"2021-06-19T03:53:52.692Z","v":0}
{"name":"suzaku","hostname":"nakubuntu-Inspiron-7572","pid":97825,"email":"fernandonakamuta@gmail.com","level":30,"msg":"Entering rtx3060 Server","time":"2021-06-19T03:53:54.181Z","v":0}
{"name":"suzaku","hostname":"nakubuntu-Inspiron-7572","pid":99420,"level":30,"msg":"👳 Hello ViBritannia, I am Suzaku","time":"2021-06-19T03:56:14.849Z","v":0}
{"name":"suzaku","hostname":"nakubuntu-Inspiron-7572","pid":99420,"level":30,"msg":"Browser started.","time":"2021-06-19T03:56:15.643Z","v":0}
{"name":"suzaku","hostname":"nakubuntu-Inspiron-7572","pid":99420,"email":"fernandonakamuta@gmail.com","level":30,"msg":"Entering DataLover Server","time":"2021-06-19T03:56:23.343Z","v":0}
{"name":"suzaku","hostname":"nakubuntu-Inspiron-7572","pid":99420,"email":"fernandonakamuta@gmail.com","level":30,"msg":"Entering rtx3060 Server","time":"2021-06-19T03:56:24.949Z","v":0}
{"name":"suzaku","hostname":"nakubuntu-Inspiron-7572","pid":100239,"level":30,"msg":"👳 Hello ViBritannia, I am Suzaku","time":"2021-06-19T03:57:13.470Z","v":0}
{"name":"suzaku","hostname":"nakubuntu-Inspiron-7572","pid":100239,"level":30,"msg":"Browser started.","time":"2021-06-19T03:57:14.255Z","v":0}
{"name":"suzaku","hostname":"nakubuntu-Inspiron-7572","pid":100239,"email":"fernandonakamuta@gmail.com","level":30,"msg":"Entering DataLover Server","time":"2021-06-19T03:57:18.438Z","v":0}
{"name":"suzaku","hostname":"nakubuntu-Inspiron-7572","pid":100239,"email":"fernandonakamuta@gmail.com","level":30,"msg":"Entering rtx3060 Server","time":"2021-06-19T03:57:20.138Z","v":0}
{"name":"suzaku","hostname":"nakubuntu-Inspiron-7572","pid":15812,"level":30,"msg":"👳 Hello ViBritannia, I am Suzaku","time":"2021-06-19T17:34:58.609Z","v":0}
{"name":"suzaku","hostname":"nakubuntu-Inspiron-7572","pid":15812,"level":30,"msg":"Browser started.","time":"2021-06-19T17:35:01.172Z","v":0}
{"name":"suzaku","hostname":"nakubuntu-Inspiron-7572","pid":17716,"level":30,"msg":"👳 Hello ViBritannia, I am Suzaku","time":"2021-06-19T17:48:17.331Z","v":0}
{"name":"suzaku","hostname":"nakubuntu-Inspiron-7572","pid":17716,"level":30,"msg":"Browser started.","time":"2021-06-19T17:48:18.092Z","v":0}
{"name":"suzaku","hostname":"nakubuntu-Inspiron-7572","pid":17716,"email":"fernandonakamuta@gmail.com","level":30,"msg":"Entering channel rtx3070","time":"2021-06-19T17:48:22.630Z","v":0}
{"name":"suzaku","hostname":"nakubuntu-Inspiron-7572","pid":17716,"email":"fernandonakamuta@gmail.com","level":50,"err":{"message":"channelUrl is not defined","name":"ReferenceError","stack":"ReferenceError: channelUrl is not defined\n    at Suzaku.getChannelMessages (/home/nakubuntu/Documents/Personal/Vibritannia/Suzaku/suzaku.js:70:16)\n    at Suzaku.start (/home/nakubuntu/Documents/Personal/Vibritannia/Suzaku/suzaku.js:84:18)\n    at processTicksAndRejections (internal/process/task_queues.js:97:5)"},"msg":"channelUrl is not defined","time":"2021-06-19T17:48:22.631Z","v":0}
{"name":"suzaku","hostname":"nakubuntu-Inspiron-7572","pid":17716,"email":"fernandonakamuta@gmail.com","level":30,"msg":"Restarting Suzaku...","time":"2021-06-19T17:48:22.631Z","v":0}
{"name":"suzaku","hostname":"nakubuntu-Inspiron-7572","pid":17716,"level":30,"msg":"Browser started.","time":"2021-06-19T17:48:23.615Z","v":0}
{"name":"suzaku","hostname":"nakubuntu-Inspiron-7572","pid":17716,"email":"fernandonakamuta@gmail.com","level":30,"msg":"Entering channel rtx3070","time":"2021-06-19T17:48:27.962Z","v":0}
{"name":"suzaku","hostname":"nakubuntu-Inspiron-7572","pid":17716,"email":"fernandonakamuta@gmail.com","level":50,"err":{"message":"channelUrl is not defined","name":"ReferenceError","stack":"ReferenceError: channelUrl is not defined\n    at Suzaku.getChannelMessages (/home/nakubuntu/Documents/Personal/Vibritannia/Suzaku/suzaku.js:70:16)\n    at Suzaku.start (/home/nakubuntu/Documents/Personal/Vibritannia/Suzaku/suzaku.js:84:18)\n    at processTicksAndRejections (internal/process/task_queues.js:97:5)\n    at async Suzaku.restart (/home/nakubuntu/Documents/Personal/Vibritannia/Suzaku/suzaku.js:66:5)\n    at async Suzaku.start (/home/nakubuntu/Documents/Personal/Vibritannia/Suzaku/suzaku.js:89:7)"},"msg":"channelUrl is not defined","time":"2021-06-19T17:48:27.963Z","v":0}
{"name":"suzaku","hostname":"nakubuntu-Inspiron-7572","pid":17716,"email":"fernandonakamuta@gmail.com","level":30,"msg":"Restarting Suzaku...","time":"2021-06-19T17:48:27.963Z","v":0}
{"name":"suzaku","hostname":"nakubuntu-Inspiron-7572","pid":17716,"level":30,"msg":"Browser started.","time":"2021-06-19T17:48:29.089Z","v":0}
{"name":"suzaku","hostname":"nakubuntu-Inspiron-7572","pid":18183,"level":30,"msg":"👳 Hello ViBritannia, I am Suzaku","time":"2021-06-19T17:48:50.781Z","v":0}
{"name":"suzaku","hostname":"nakubuntu-Inspiron-7572","pid":18183,"level":30,"msg":"Browser started.","time":"2021-06-19T17:48:51.563Z","v":0}
{"name":"suzaku","hostname":"nakubuntu-Inspiron-7572","pid":18183,"email":"fernandonakamuta@gmail.com","level":30,"msg":"Entering channel rtx3070","time":"2021-06-19T17:48:55.801Z","v":0}
{"name":"suzaku","hostname":"nakubuntu-Inspiron-7572","pid":18183,"email":"fernandonakamuta@gmail.com","level":30,"msg":"Channel loaded!","time":"2021-06-19T17:48:58.808Z","v":0}
{"name":"suzaku","hostname":"nakubuntu-Inspiron-7572","pid":18183,"email":"fernandonakamuta@gmail.com","level":30,"msg":"Getting messages...","time":"2021-06-19T17:48:58.808Z","v":0}
{"name":"suzaku","hostname":"nakubuntu-Inspiron-7572","pid":18766,"level":30,"msg":"👳 Hello ViBritannia, I am Suzaku","time":"2021-06-19T17:50:45.682Z","v":0}
{"name":"suzaku","hostname":"nakubuntu-Inspiron-7572","pid":18766,"level":30,"msg":"Browser started.","time":"2021-06-19T17:50:46.509Z","v":0}
{"name":"suzaku","hostname":"nakubuntu-Inspiron-7572","pid":18766,"email":"fernandonakamuta@gmail.com","level":30,"msg":"Entering channel rtx3070","time":"2021-06-19T17:50:50.700Z","v":0}
{"name":"suzaku","hostname":"nakubuntu-Inspiron-7572","pid":18766,"email":"fernandonakamuta@gmail.com","level":30,"msg":"Channel loaded!","time":"2021-06-19T17:50:53.661Z","v":0}
{"name":"suzaku","hostname":"nakubuntu-Inspiron-7572","pid":18766,"email":"fernandonakamuta@gmail.com","level":30,"msg":"Getting messages...","time":"2021-06-19T17:50:53.661Z","v":0}
{"name":"suzaku","hostname":"nakubuntu-Inspiron-7572","pid":19550,"level":30,"msg":"👳 Hello ViBritannia, I am Suzaku","time":"2021-06-19T17:53:34.903Z","v":0}
{"name":"suzaku","hostname":"nakubuntu-Inspiron-7572","pid":19550,"level":30,"msg":"Browser started.","time":"2021-06-19T17:53:35.643Z","v":0}
{"name":"suzaku","hostname":"nakubuntu-Inspiron-7572","pid":19550,"email":"fernandonakamuta@gmail.com","level":30,"msg":"Entering channel rtx3070","time":"2021-06-19T17:53:40.081Z","v":0}
{"name":"suzaku","hostname":"nakubuntu-Inspiron-7572","pid":19550,"email":"fernandonakamuta@gmail.com","level":30,"msg":"Channel loaded!","time":"2021-06-19T17:53:42.904Z","v":0}
{"name":"suzaku","hostname":"nakubuntu-Inspiron-7572","pid":19550,"email":"fernandonakamuta@gmail.com","level":30,"msg":"Getting messages...","time":"2021-06-19T17:53:42.904Z","v":0}
{"name":"suzaku","hostname":"nakubuntu-Inspiron-7572","pid":19997,"level":30,"msg":"👳 Hello ViBritannia, I am Suzaku","time":"2021-06-19T17:54:39.529Z","v":0}
{"name":"suzaku","hostname":"nakubuntu-Inspiron-7572","pid":19997,"level":30,"msg":"Browser started.","time":"2021-06-19T17:54:40.397Z","v":0}
{"name":"suzaku","hostname":"nakubuntu-Inspiron-7572","pid":19997,"email":"fernandonakamuta@gmail.com","level":30,"msg":"Entering channel rtx3070","time":"2021-06-19T17:54:45.027Z","v":0}
{"name":"suzaku","hostname":"nakubuntu-Inspiron-7572","pid":19997,"email":"fernandonakamuta@gmail.com","level":30,"msg":"Channel loaded!","time":"2021-06-19T17:54:48.014Z","v":0}
{"name":"suzaku","hostname":"nakubuntu-Inspiron-7572","pid":19997,"email":"fernandonakamuta@gmail.com","level":30,"msg":"Getting messages...","time":"2021-06-19T17:54:48.014Z","v":0}
{"name":"suzaku","hostname":"nakubuntu-Inspiron-7572","pid":21000,"level":30,"msg":"👳 Hello ViBritannia, I am Suzaku","time":"2021-06-19T17:59:40.482Z","v":0}
{"name":"suzaku","hostname":"nakubuntu-Inspiron-7572","pid":21000,"level":30,"msg":"Browser started.","time":"2021-06-19T17:59:41.196Z","v":0}
{"name":"suzaku","hostname":"nakubuntu-Inspiron-7572","pid":21000,"email":"fernandonakamuta@gmail.com","level":30,"msg":"Entering channel rtx3070","time":"2021-06-19T17:59:49.559Z","v":0}
{"name":"suzaku","hostname":"nakubuntu-Inspiron-7572","pid":21000,"email":"fernandonakamuta@gmail.com","level":30,"msg":"Channel loaded!","time":"2021-06-19T17:59:52.497Z","v":0}
{"name":"suzaku","hostname":"nakubuntu-Inspiron-7572","pid":21000,"email":"fernandonakamuta@gmail.com","level":30,"msg":"Getting messages...","time":"2021-06-19T17:59:52.498Z","v":0}
{"name":"suzaku","hostname":"nakubuntu-Inspiron-7572","pid":21352,"level":30,"msg":"👳 Hello ViBritannia, I am Suzaku","time":"2021-06-19T18:00:23.726Z","v":0}
{"name":"suzaku","hostname":"nakubuntu-Inspiron-7572","pid":21352,"level":30,"msg":"Browser started.","time":"2021-06-19T18:00:24.518Z","v":0}
{"name":"suzaku","hostname":"nakubuntu-Inspiron-7572","pid":21352,"email":"fernandonakamuta@gmail.com","level":30,"msg":"Entering channel rtx3070","time":"2021-06-19T18:00:32.060Z","v":0}
{"name":"suzaku","hostname":"nakubuntu-Inspiron-7572","pid":21352,"email":"fernandonakamuta@gmail.com","level":30,"msg":"Channel loaded!","time":"2021-06-19T18:00:35.022Z","v":0}
{"name":"suzaku","hostname":"nakubuntu-Inspiron-7572","pid":21352,"email":"fernandonakamuta@gmail.com","level":30,"msg":"Getting messages...","time":"2021-06-19T18:00:35.023Z","v":0}
{"name":"suzaku","hostname":"nakubuntu-Inspiron-7572","pid":21901,"level":30,"msg":"👳 Hello ViBritannia, I am Suzaku","time":"2021-06-19T18:01:45.757Z","v":0}
{"name":"suzaku","hostname":"nakubuntu-Inspiron-7572","pid":21901,"level":30,"msg":"Browser started.","time":"2021-06-19T18:01:46.513Z","v":0}
{"name":"suzaku","hostname":"nakubuntu-Inspiron-7572","pid":21901,"email":"fernandonakamuta@gmail.com","level":30,"msg":"Entering channel rtx3070","time":"2021-06-19T18:01:53.436Z","v":0}
{"name":"suzaku","hostname":"nakubuntu-Inspiron-7572","pid":21901,"email":"fernandonakamuta@gmail.com","level":30,"msg":"Channel loaded!","time":"2021-06-19T18:01:56.620Z","v":0}
{"name":"suzaku","hostname":"nakubuntu-Inspiron-7572","pid":21901,"email":"fernandonakamuta@gmail.com","level":30,"msg":"Getting messages...","time":"2021-06-19T18:01:56.621Z","v":0}
{"name":"suzaku","hostname":"nakubuntu-Inspiron-7572","pid":23834,"level":30,"msg":"👳 Hello ViBritannia, I am Suzaku","time":"2021-06-19T18:07:38.916Z","v":0}
{"name":"suzaku","hostname":"nakubuntu-Inspiron-7572","pid":23834,"level":30,"msg":"Browser started.","time":"2021-06-19T18:07:39.680Z","v":0}
{"name":"suzaku","hostname":"nakubuntu-Inspiron-7572","pid":23834,"email":"fernandonakamuta@gmail.com","level":30,"msg":"Entering channel rtx3070","time":"2021-06-19T18:07:44.366Z","v":0}
{"name":"suzaku","hostname":"nakubuntu-Inspiron-7572","pid":23834,"email":"fernandonakamuta@gmail.com","level":30,"msg":"Channel loaded!","time":"2021-06-19T18:07:47.828Z","v":0}
{"name":"suzaku","hostname":"nakubuntu-Inspiron-7572","pid":23834,"email":"fernandonakamuta@gmail.com","level":30,"msg":"Getting messages...","time":"2021-06-19T18:07:47.829Z","v":0}
{"name":"suzaku","hostname":"nakubuntu-Inspiron-7572","pid":24311,"level":30,"msg":"👳 Hello ViBritannia, I am Suzaku","time":"2021-06-19T18:08:06.670Z","v":0}
{"name":"suzaku","hostname":"nakubuntu-Inspiron-7572","pid":24311,"level":30,"msg":"Browser started.","time":"2021-06-19T18:08:07.403Z","v":0}
{"name":"suzaku","hostname":"nakubuntu-Inspiron-7572","pid":24311,"email":"fernandonakamuta@gmail.com","level":30,"msg":"Entering channel rtx3070","time":"2021-06-19T18:08:16.307Z","v":0}
{"name":"suzaku","hostname":"nakubuntu-Inspiron-7572","pid":24311,"email":"fernandonakamuta@gmail.com","level":30,"msg":"Channel loaded!","time":"2021-06-19T18:08:19.272Z","v":0}
{"name":"suzaku","hostname":"nakubuntu-Inspiron-7572","pid":24311,"email":"fernandonakamuta@gmail.com","level":30,"msg":"Getting messages...","time":"2021-06-19T18:08:19.272Z","v":0}
{"name":"suzaku","hostname":"nakubuntu-Inspiron-7572","pid":25053,"level":30,"msg":"👳 Hello ViBritannia, I am Suzaku","time":"2021-06-19T18:09:34.510Z","v":0}
{"name":"suzaku","hostname":"nakubuntu-Inspiron-7572","pid":25053,"level":30,"msg":"Browser started.","time":"2021-06-19T18:09:35.331Z","v":0}
{"name":"suzaku","hostname":"nakubuntu-Inspiron-7572","pid":25053,"email":"fernandonakamuta@gmail.com","level":30,"msg":"Entering channel rtx3070","time":"2021-06-19T18:09:42.721Z","v":0}
{"name":"suzaku","hostname":"nakubuntu-Inspiron-7572","pid":25053,"email":"fernandonakamuta@gmail.com","level":30,"msg":"Channel loaded!","time":"2021-06-19T18:09:45.812Z","v":0}
{"name":"suzaku","hostname":"nakubuntu-Inspiron-7572","pid":25053,"email":"fernandonakamuta@gmail.com","level":30,"msg":"Getting messages...","time":"2021-06-19T18:09:45.812Z","v":0}
{"name":"suzaku","hostname":"nakubuntu-Inspiron-7572","pid":25347,"level":30,"msg":"👳 Hello ViBritannia, I am Suzaku","time":"2021-06-19T18:09:59.565Z","v":0}
{"name":"suzaku","hostname":"nakubuntu-Inspiron-7572","pid":25347,"level":30,"msg":"Browser started.","time":"2021-06-19T18:10:00.366Z","v":0}
{"name":"suzaku","hostname":"nakubuntu-Inspiron-7572","pid":25347,"email":"fernandonakamuta@gmail.com","level":30,"msg":"Entering channel rtx3070","time":"2021-06-19T18:10:09.370Z","v":0}
{"name":"suzaku","hostname":"nakubuntu-Inspiron-7572","pid":25347,"email":"fernandonakamuta@gmail.com","level":30,"msg":"Channel loaded!","time":"2021-06-19T18:10:12.457Z","v":0}
{"name":"suzaku","hostname":"nakubuntu-Inspiron-7572","pid":25347,"email":"fernandonakamuta@gmail.com","level":30,"msg":"Getting messages...","time":"2021-06-19T18:10:12.457Z","v":0}
{"name":"suzaku","hostname":"nakubuntu-Inspiron-7572","pid":26503,"level":30,"msg":"👳 Hello ViBritannia, I am Suzaku","time":"2021-06-19T18:15:09.333Z","v":0}
{"name":"suzaku","hostname":"nakubuntu-Inspiron-7572","pid":26503,"level":30,"msg":"Browser started.","time":"2021-06-19T18:15:10.327Z","v":0}
{"name":"suzaku","hostname":"nakubuntu-Inspiron-7572","pid":26503,"email":"fernandonakamuta@gmail.com","level":30,"msg":"Entering channel rtx3070","time":"2021-06-19T18:15:16.757Z","v":0}
{"name":"suzaku","hostname":"nakubuntu-Inspiron-7572","pid":26503,"email":"fernandonakamuta@gmail.com","level":30,"msg":"Channel loaded!","time":"2021-06-19T18:15:19.766Z","v":0}
{"name":"suzaku","hostname":"nakubuntu-Inspiron-7572","pid":26503,"email":"fernandonakamuta@gmail.com","level":30,"msg":"Getting messages...","time":"2021-06-19T18:15:19.766Z","v":0}
{"name":"suzaku","hostname":"nakubuntu-Inspiron-7572","pid":27041,"level":30,"msg":"👳 Hello ViBritannia, I am Suzaku","time":"2021-06-19T18:17:23.664Z","v":0}
{"name":"suzaku","hostname":"nakubuntu-Inspiron-7572","pid":27041,"level":30,"msg":"Browser started.","time":"2021-06-19T18:17:24.472Z","v":0}
{"name":"suzaku","hostname":"nakubuntu-Inspiron-7572","pid":27041,"email":"fernandonakamuta@gmail.com","level":30,"msg":"Entering channel rtx3070","time":"2021-06-19T18:17:29.080Z","v":0}
{"name":"suzaku","hostname":"nakubuntu-Inspiron-7572","pid":27041,"email":"fernandonakamuta@gmail.com","level":30,"msg":"Channel loaded!","time":"2021-06-19T18:17:32.074Z","v":0}
{"name":"suzaku","hostname":"nakubuntu-Inspiron-7572","pid":27041,"email":"fernandonakamuta@gmail.com","level":30,"msg":"Getting messages...","time":"2021-06-19T18:17:32.074Z","v":0}
{"name":"suzaku","hostname":"nakubuntu-Inspiron-7572","pid":29159,"level":30,"msg":"👳 Hello ViBritannia, I am Suzaku","time":"2021-06-19T18:27:05.964Z","v":0}
{"name":"suzaku","hostname":"nakubuntu-Inspiron-7572","pid":29159,"level":30,"msg":"Browser started.","time":"2021-06-19T18:27:06.710Z","v":0}
{"name":"suzaku","hostname":"nakubuntu-Inspiron-7572","pid":29159,"email":"fernandonakamuta@gmail.com","level":30,"msg":"Entering channel rtx3070","time":"2021-06-19T18:27:15.554Z","v":0}
{"name":"suzaku","hostname":"nakubuntu-Inspiron-7572","pid":29159,"email":"fernandonakamuta@gmail.com","level":30,"msg":"Channel loaded!","time":"2021-06-19T18:27:18.518Z","v":0}
{"name":"suzaku","hostname":"nakubuntu-Inspiron-7572","pid":29159,"email":"fernandonakamuta@gmail.com","level":30,"msg":"Getting messages...","time":"2021-06-19T18:27:18.519Z","v":0}
{"name":"suzaku","hostname":"nakubuntu-Inspiron-7572","pid":29159,"email":"fernandonakamuta@gmail.com","level":50,"err":{"message":"Evaluation failed: TypeError: Cannot read property 'innerText' of null\n    at <anonymous>:3:69\n    at Array.map (<anonymous>)\n    at <anonymous>:2:16","name":"Error","stack":"Error: Evaluation failed: TypeError: Cannot read property 'innerText' of null\n    at <anonymous>:3:69\n    at Array.map (<anonymous>)\n    at <anonymous>:2:16\n    at ExecutionContext._evaluateInternal (/home/nakubuntu/node_modules/puppeteer/lib/cjs/puppeteer/common/ExecutionContext.js:221:19)\n    at runMicrotasks (<anonymous>)\n    at processTicksAndRejections (internal/process/task_queues.js:97:5)\n    at async ExecutionContext.evaluate (/home/nakubuntu/node_modules/puppeteer/lib/cjs/puppeteer/common/ExecutionContext.js:110:16)\n    at async JSHandle.evaluate (/home/nakubuntu/node_modules/puppeteer/lib/cjs/puppeteer/common/JSHandle.js:102:16)\n    at async ElementHandle.$$eval (/home/nakubuntu/node_modules/puppeteer/lib/cjs/puppeteer/common/JSHandle.js:697:24)\n    at async DOMWorld.$$eval (/home/nakubuntu/node_modules/puppeteer/lib/cjs/puppeteer/common/DOMWorld.js:118:23)\n    at async Suzaku.getChannelMessages (/home/nakubuntu/Documents/Personal/Vibritannia/Suzaku/suzaku.js:76:18)\n    at async Suzaku.start (/home/nakubuntu/Documents/Personal/Vibritannia/Suzaku/suzaku.js:100:7)"},"msg":"Evaluation failed: TypeError: Cannot read property 'innerText' of null\n    at <anonymous>:3:69\n    at Array.map (<anonymous>)\n    at <anonymous>:2:16","time":"2021-06-19T18:27:18.664Z","v":0}
{"name":"suzaku","hostname":"nakubuntu-Inspiron-7572","pid":29159,"email":"fernandonakamuta@gmail.com","level":30,"msg":"Restarting Suzaku...","time":"2021-06-19T18:27:18.664Z","v":0}
{"name":"suzaku","hostname":"nakubuntu-Inspiron-7572","pid":29159,"level":30,"msg":"Browser started.","time":"2021-06-19T18:27:19.669Z","v":0}
{"name":"suzaku","hostname":"nakubuntu-Inspiron-7572","pid":29159,"email":"fernandonakamuta@gmail.com","level":30,"msg":"Entering channel rtx3070","time":"2021-06-19T18:27:24.443Z","v":0}
{"name":"suzaku","hostname":"nakubuntu-Inspiron-7572","pid":29159,"email":"fernandonakamuta@gmail.com","level":30,"msg":"Channel loaded!","time":"2021-06-19T18:27:27.709Z","v":0}
{"name":"suzaku","hostname":"nakubuntu-Inspiron-7572","pid":29159,"email":"fernandonakamuta@gmail.com","level":30,"msg":"Getting messages...","time":"2021-06-19T18:27:27.709Z","v":0}
{"name":"suzaku","hostname":"nakubuntu-Inspiron-7572","pid":29159,"email":"fernandonakamuta@gmail.com","level":50,"err":{"message":"Evaluation failed: TypeError: Cannot read property 'innerText' of null\n    at <anonymous>:3:69\n    at Array.map (<anonymous>)\n    at <anonymous>:2:16","name":"Error","stack":"Error: Evaluation failed: TypeError: Cannot read property 'innerText' of null\n    at <anonymous>:3:69\n    at Array.map (<anonymous>)\n    at <anonymous>:2:16\n    at ExecutionContext._evaluateInternal (/home/nakubuntu/node_modules/puppeteer/lib/cjs/puppeteer/common/ExecutionContext.js:221:19)\n    at runMicrotasks (<anonymous>)\n    at processTicksAndRejections (internal/process/task_queues.js:97:5)\n    at async ExecutionContext.evaluate (/home/nakubuntu/node_modules/puppeteer/lib/cjs/puppeteer/common/ExecutionContext.js:110:16)\n    at async JSHandle.evaluate (/home/nakubuntu/node_modules/puppeteer/lib/cjs/puppeteer/common/JSHandle.js:102:16)\n    at async ElementHandle.$$eval (/home/nakubuntu/node_modules/puppeteer/lib/cjs/puppeteer/common/JSHandle.js:697:24)\n    at async DOMWorld.$$eval (/home/nakubuntu/node_modules/puppeteer/lib/cjs/puppeteer/common/DOMWorld.js:118:23)\n    at async Suzaku.getChannelMessages (/home/nakubuntu/Documents/Personal/Vibritannia/Suzaku/suzaku.js:76:18)\n    at async Suzaku.start (/home/nakubuntu/Documents/Personal/Vibritannia/Suzaku/suzaku.js:100:7)\n    at async Suzaku.restart (/home/nakubuntu/Documents/Personal/Vibritannia/Suzaku/suzaku.js:66:5)"},"msg":"Evaluation failed: TypeError: Cannot read property 'innerText' of null\n    at <anonymous>:3:69\n    at Array.map (<anonymous>)\n    at <anonymous>:2:16","time":"2021-06-19T18:27:27.995Z","v":0}
{"name":"suzaku","hostname":"nakubuntu-Inspiron-7572","pid":29159,"email":"fernandonakamuta@gmail.com","level":30,"msg":"Restarting Suzaku...","time":"2021-06-19T18:27:27.995Z","v":0}
{"name":"suzaku","hostname":"nakubuntu-Inspiron-7572","pid":29159,"level":30,"msg":"Browser started.","time":"2021-06-19T18:27:28.971Z","v":0}
{"name":"suzaku","hostname":"nakubuntu-Inspiron-7572","pid":29821,"level":30,"msg":"👳 Hello ViBritannia, I am Suzaku","time":"2021-06-19T18:28:16.365Z","v":0}
{"name":"suzaku","hostname":"nakubuntu-Inspiron-7572","pid":29821,"level":30,"msg":"Browser started.","time":"2021-06-19T18:28:17.157Z","v":0}
{"name":"suzaku","hostname":"nakubuntu-Inspiron-7572","pid":29821,"email":"fernandonakamuta@gmail.com","level":30,"msg":"Entering channel rtx3070","time":"2021-06-19T18:28:21.592Z","v":0}
{"name":"suzaku","hostname":"nakubuntu-Inspiron-7572","pid":29821,"email":"fernandonakamuta@gmail.com","level":30,"msg":"Channel loaded!","time":"2021-06-19T18:28:24.702Z","v":0}
{"name":"suzaku","hostname":"nakubuntu-Inspiron-7572","pid":29821,"email":"fernandonakamuta@gmail.com","level":30,"msg":"Getting messages...","time":"2021-06-19T18:28:24.702Z","v":0}
{"name":"suzaku","hostname":"nakubuntu-Inspiron-7572","pid":29821,"email":"fernandonakamuta@gmail.com","level":50,"err":{"message":"Evaluation failed: TypeError: date.getAttribute is not a function\n    at <anonymous>:11:22\n    at Array.map (<anonymous>)\n    at <anonymous>:2:16","name":"Error","stack":"Error: Evaluation failed: TypeError: date.getAttribute is not a function\n    at <anonymous>:11:22\n    at Array.map (<anonymous>)\n    at <anonymous>:2:16\n    at ExecutionContext._evaluateInternal (/home/nakubuntu/node_modules/puppeteer/lib/cjs/puppeteer/common/ExecutionContext.js:221:19)\n    at runMicrotasks (<anonymous>)\n    at processTicksAndRejections (internal/process/task_queues.js:97:5)\n    at async ExecutionContext.evaluate (/home/nakubuntu/node_modules/puppeteer/lib/cjs/puppeteer/common/ExecutionContext.js:110:16)\n    at async JSHandle.evaluate (/home/nakubuntu/node_modules/puppeteer/lib/cjs/puppeteer/common/JSHandle.js:102:16)\n    at async ElementHandle.$$eval (/home/nakubuntu/node_modules/puppeteer/lib/cjs/puppeteer/common/JSHandle.js:697:24)\n    at async DOMWorld.$$eval (/home/nakubuntu/node_modules/puppeteer/lib/cjs/puppeteer/common/DOMWorld.js:118:23)\n    at async Suzaku.getChannelMessages (/home/nakubuntu/Documents/Personal/Vibritannia/Suzaku/suzaku.js:76:18)\n    at async Suzaku.start (/home/nakubuntu/Documents/Personal/Vibritannia/Suzaku/suzaku.js:100:7)"},"msg":"Evaluation failed: TypeError: date.getAttribute is not a function\n    at <anonymous>:11:22\n    at Array.map (<anonymous>)\n    at <anonymous>:2:16","time":"2021-06-19T18:28:24.866Z","v":0}
{"name":"suzaku","hostname":"nakubuntu-Inspiron-7572","pid":29821,"email":"fernandonakamuta@gmail.com","level":30,"msg":"Restarting Suzaku...","time":"2021-06-19T18:28:24.866Z","v":0}
{"name":"suzaku","hostname":"nakubuntu-Inspiron-7572","pid":29821,"level":30,"msg":"Browser started.","time":"2021-06-19T18:28:25.853Z","v":0}
{"name":"suzaku","hostname":"nakubuntu-Inspiron-7572","pid":30240,"level":30,"msg":"👳 Hello ViBritannia, I am Suzaku","time":"2021-06-19T18:28:45.079Z","v":0}
{"name":"suzaku","hostname":"nakubuntu-Inspiron-7572","pid":30240,"level":30,"msg":"Browser started.","time":"2021-06-19T18:28:45.814Z","v":0}
{"name":"suzaku","hostname":"nakubuntu-Inspiron-7572","pid":30240,"email":"fernandonakamuta@gmail.com","level":30,"msg":"Entering channel rtx3070","time":"2021-06-19T18:28:50.457Z","v":0}
{"name":"suzaku","hostname":"nakubuntu-Inspiron-7572","pid":30240,"email":"fernandonakamuta@gmail.com","level":30,"msg":"Channel loaded!","time":"2021-06-19T18:28:53.540Z","v":0}
{"name":"suzaku","hostname":"nakubuntu-Inspiron-7572","pid":30240,"email":"fernandonakamuta@gmail.com","level":30,"msg":"Getting messages...","time":"2021-06-19T18:28:53.541Z","v":0}
{"name":"suzaku","hostname":"nakubuntu-Inspiron-7572","pid":30240,"email":"fernandonakamuta@gmail.com","level":50,"err":{"message":"Evaluation failed: TypeError: Cannot read property 'innerText' of null\n    at <anonymous>:10:24\n    at Array.map (<anonymous>)\n    at <anonymous>:2:16","name":"Error","stack":"Error: Evaluation failed: TypeError: Cannot read property 'innerText' of null\n    at <anonymous>:10:24\n    at Array.map (<anonymous>)\n    at <anonymous>:2:16\n    at ExecutionContext._evaluateInternal (/home/nakubuntu/node_modules/puppeteer/lib/cjs/puppeteer/common/ExecutionContext.js:221:19)\n    at processTicksAndRejections (internal/process/task_queues.js:97:5)\n    at async ExecutionContext.evaluate (/home/nakubuntu/node_modules/puppeteer/lib/cjs/puppeteer/common/ExecutionContext.js:110:16)\n    at async JSHandle.evaluate (/home/nakubuntu/node_modules/puppeteer/lib/cjs/puppeteer/common/JSHandle.js:102:16)\n    at async ElementHandle.$$eval (/home/nakubuntu/node_modules/puppeteer/lib/cjs/puppeteer/common/JSHandle.js:697:24)\n    at async DOMWorld.$$eval (/home/nakubuntu/node_modules/puppeteer/lib/cjs/puppeteer/common/DOMWorld.js:118:23)\n    at async Suzaku.getChannelMessages (/home/nakubuntu/Documents/Personal/Vibritannia/Suzaku/suzaku.js:76:18)\n    at async Suzaku.start (/home/nakubuntu/Documents/Personal/Vibritannia/Suzaku/suzaku.js:100:7)"},"msg":"Evaluation failed: TypeError: Cannot read property 'innerText' of null\n    at <anonymous>:10:24\n    at Array.map (<anonymous>)\n    at <anonymous>:2:16","time":"2021-06-19T18:28:53.807Z","v":0}
{"name":"suzaku","hostname":"nakubuntu-Inspiron-7572","pid":30240,"email":"fernandonakamuta@gmail.com","level":30,"msg":"Restarting Suzaku...","time":"2021-06-19T18:28:53.808Z","v":0}
{"name":"suzaku","hostname":"nakubuntu-Inspiron-7572","pid":30240,"level":30,"msg":"Browser started.","time":"2021-06-19T18:28:54.764Z","v":0}
{"name":"suzaku","hostname":"nakubuntu-Inspiron-7572","pid":30739,"level":30,"msg":"👳 Hello ViBritannia, I am Suzaku","time":"2021-06-19T18:30:06.848Z","v":0}
{"name":"suzaku","hostname":"nakubuntu-Inspiron-7572","pid":30739,"level":30,"msg":"Browser started.","time":"2021-06-19T18:30:07.590Z","v":0}
{"name":"suzaku","hostname":"nakubuntu-Inspiron-7572","pid":30739,"email":"fernandonakamuta@gmail.com","level":30,"msg":"Entering channel rtx3070","time":"2021-06-19T18:30:12.389Z","v":0}
{"name":"suzaku","hostname":"nakubuntu-Inspiron-7572","pid":30739,"email":"fernandonakamuta@gmail.com","level":30,"msg":"Channel loaded!","time":"2021-06-19T18:30:15.385Z","v":0}
{"name":"suzaku","hostname":"nakubuntu-Inspiron-7572","pid":30739,"email":"fernandonakamuta@gmail.com","level":30,"msg":"Getting messages...","time":"2021-06-19T18:30:15.386Z","v":0}
{"name":"suzaku","hostname":"nakubuntu-Inspiron-7572","pid":30739,"email":"fernandonakamuta@gmail.com","level":50,"err":{"message":"Evaluation failed: TypeError: Cannot read property 'innerText' of null\n    at <anonymous>:10:24\n    at Array.map (<anonymous>)\n    at <anonymous>:2:16","name":"Error","stack":"Error: Evaluation failed: TypeError: Cannot read property 'innerText' of null\n    at <anonymous>:10:24\n    at Array.map (<anonymous>)\n    at <anonymous>:2:16\n    at ExecutionContext._evaluateInternal (/home/nakubuntu/node_modules/puppeteer/lib/cjs/puppeteer/common/ExecutionContext.js:221:19)\n    at processTicksAndRejections (internal/process/task_queues.js:97:5)\n    at async ExecutionContext.evaluate (/home/nakubuntu/node_modules/puppeteer/lib/cjs/puppeteer/common/ExecutionContext.js:110:16)\n    at async JSHandle.evaluate (/home/nakubuntu/node_modules/puppeteer/lib/cjs/puppeteer/common/JSHandle.js:102:16)\n    at async ElementHandle.$$eval (/home/nakubuntu/node_modules/puppeteer/lib/cjs/puppeteer/common/JSHandle.js:697:24)\n    at async DOMWorld.$$eval (/home/nakubuntu/node_modules/puppeteer/lib/cjs/puppeteer/common/DOMWorld.js:118:23)\n    at async Suzaku.getChannelMessages (/home/nakubuntu/Documents/Personal/Vibritannia/Suzaku/suzaku.js:76:18)\n    at async Suzaku.start (/home/nakubuntu/Documents/Personal/Vibritannia/Suzaku/suzaku.js:100:7)"},"msg":"Evaluation failed: TypeError: Cannot read property 'innerText' of null\n    at <anonymous>:10:24\n    at Array.map (<anonymous>)\n    at <anonymous>:2:16","time":"2021-06-19T18:30:15.755Z","v":0}
{"name":"suzaku","hostname":"nakubuntu-Inspiron-7572","pid":30739,"email":"fernandonakamuta@gmail.com","level":30,"msg":"Restarting Suzaku...","time":"2021-06-19T18:30:15.756Z","v":0}
{"name":"suzaku","hostname":"nakubuntu-Inspiron-7572","pid":30739,"level":30,"msg":"Browser started.","time":"2021-06-19T18:30:16.863Z","v":0}
{"name":"suzaku","hostname":"nakubuntu-Inspiron-7572","pid":31268,"level":30,"msg":"👳 Hello ViBritannia, I am Suzaku","time":"2021-06-19T18:32:41.509Z","v":0}
{"name":"suzaku","hostname":"nakubuntu-Inspiron-7572","pid":31268,"level":30,"msg":"Browser started.","time":"2021-06-19T18:32:42.290Z","v":0}
{"name":"suzaku","hostname":"nakubuntu-Inspiron-7572","pid":31268,"email":"fernandonakamuta@gmail.com","level":30,"msg":"Entering channel rtx3070","time":"2021-06-19T18:32:46.807Z","v":0}
{"name":"suzaku","hostname":"nakubuntu-Inspiron-7572","pid":31268,"email":"fernandonakamuta@gmail.com","level":30,"msg":"Channel loaded!","time":"2021-06-19T18:32:49.815Z","v":0}
{"name":"suzaku","hostname":"nakubuntu-Inspiron-7572","pid":31268,"email":"fernandonakamuta@gmail.com","level":30,"msg":"Getting messages...","time":"2021-06-19T18:32:49.816Z","v":0}
{"name":"suzaku","hostname":"nakubuntu-Inspiron-7572","pid":31268,"email":"fernandonakamuta@gmail.com","level":50,"err":{"message":"Evaluation failed: TypeError: Cannot read property 'innerText' of null\n    at <anonymous>:9:24\n    at Array.map (<anonymous>)\n    at <anonymous>:2:16","name":"Error","stack":"Error: Evaluation failed: TypeError: Cannot read property 'innerText' of null\n    at <anonymous>:9:24\n    at Array.map (<anonymous>)\n    at <anonymous>:2:16\n    at ExecutionContext._evaluateInternal (/home/nakubuntu/node_modules/puppeteer/lib/cjs/puppeteer/common/ExecutionContext.js:221:19)\n    at runMicrotasks (<anonymous>)\n    at processTicksAndRejections (internal/process/task_queues.js:97:5)\n    at async ExecutionContext.evaluate (/home/nakubuntu/node_modules/puppeteer/lib/cjs/puppeteer/common/ExecutionContext.js:110:16)\n    at async JSHandle.evaluate (/home/nakubuntu/node_modules/puppeteer/lib/cjs/puppeteer/common/JSHandle.js:102:16)\n    at async ElementHandle.$$eval (/home/nakubuntu/node_modules/puppeteer/lib/cjs/puppeteer/common/JSHandle.js:697:24)\n    at async DOMWorld.$$eval (/home/nakubuntu/node_modules/puppeteer/lib/cjs/puppeteer/common/DOMWorld.js:118:23)\n    at async Suzaku.getChannelMessages (/home/nakubuntu/Documents/Personal/Vibritannia/Suzaku/suzaku.js:76:18)\n    at async Suzaku.start (/home/nakubuntu/Documents/Personal/Vibritannia/Suzaku/suzaku.js:96:7)"},"msg":"Evaluation failed: TypeError: Cannot read property 'innerText' of null\n    at <anonymous>:9:24\n    at Array.map (<anonymous>)\n    at <anonymous>:2:16","time":"2021-06-19T18:32:50.123Z","v":0}
{"name":"suzaku","hostname":"nakubuntu-Inspiron-7572","pid":31268,"email":"fernandonakamuta@gmail.com","level":30,"msg":"Restarting Suzaku...","time":"2021-06-19T18:32:50.123Z","v":0}
{"name":"suzaku","hostname":"nakubuntu-Inspiron-7572","pid":31268,"level":30,"msg":"Browser started.","time":"2021-06-19T18:32:51.133Z","v":0}
{"name":"suzaku","hostname":"nakubuntu-Inspiron-7572","pid":31766,"level":30,"msg":"👳 Hello ViBritannia, I am Suzaku","time":"2021-06-19T18:33:58.604Z","v":0}
{"name":"suzaku","hostname":"nakubuntu-Inspiron-7572","pid":31766,"level":30,"msg":"Browser started.","time":"2021-06-19T18:33:59.375Z","v":0}
{"name":"suzaku","hostname":"nakubuntu-Inspiron-7572","pid":31766,"email":"fernandonakamuta@gmail.com","level":30,"msg":"Entering channel rtx3070","time":"2021-06-19T18:34:04.014Z","v":0}
{"name":"suzaku","hostname":"nakubuntu-Inspiron-7572","pid":31766,"email":"fernandonakamuta@gmail.com","level":30,"msg":"Channel loaded!","time":"2021-06-19T18:34:07.009Z","v":0}
{"name":"suzaku","hostname":"nakubuntu-Inspiron-7572","pid":31766,"email":"fernandonakamuta@gmail.com","level":30,"msg":"Getting messages...","time":"2021-06-19T18:34:07.010Z","v":0}
{"name":"suzaku","hostname":"nakubuntu-Inspiron-7572","pid":32664,"level":30,"msg":"👳 Hello ViBritannia, I am Suzaku","time":"2021-06-19T18:37:18.266Z","v":0}
{"name":"suzaku","hostname":"nakubuntu-Inspiron-7572","pid":32664,"level":30,"msg":"Browser started.","time":"2021-06-19T18:37:19.043Z","v":0}
{"name":"suzaku","hostname":"nakubuntu-Inspiron-7572","pid":32664,"email":"fernandonakamuta@gmail.com","level":30,"msg":"Entering channel rtx3070","time":"2021-06-19T18:37:26.006Z","v":0}
{"name":"suzaku","hostname":"nakubuntu-Inspiron-7572","pid":32664,"email":"fernandonakamuta@gmail.com","level":30,"msg":"Channel loaded!","time":"2021-06-19T18:37:29.228Z","v":0}
{"name":"suzaku","hostname":"nakubuntu-Inspiron-7572","pid":32664,"email":"fernandonakamuta@gmail.com","level":30,"msg":"Getting messages...","time":"2021-06-19T18:37:29.228Z","v":0}
{"name":"suzaku","hostname":"nakubuntu-Inspiron-7572","pid":32664,"email":"fernandonakamuta@gmail.com","level":50,"err":{"message":"Evaluation failed: TypeError: Cannot read property 'innerText' of null\n    at <anonymous>:7:24\n    at Array.map (<anonymous>)\n    at <anonymous>:2:16","name":"Error","stack":"Error: Evaluation failed: TypeError: Cannot read property 'innerText' of null\n    at <anonymous>:7:24\n    at Array.map (<anonymous>)\n    at <anonymous>:2:16\n    at ExecutionContext._evaluateInternal (/home/nakubuntu/node_modules/puppeteer/lib/cjs/puppeteer/common/ExecutionContext.js:221:19)\n    at runMicrotasks (<anonymous>)\n    at processTicksAndRejections (internal/process/task_queues.js:97:5)\n    at async ExecutionContext.evaluate (/home/nakubuntu/node_modules/puppeteer/lib/cjs/puppeteer/common/ExecutionContext.js:110:16)\n    at async JSHandle.evaluate (/home/nakubuntu/node_modules/puppeteer/lib/cjs/puppeteer/common/JSHandle.js:102:16)\n    at async ElementHandle.$$eval (/home/nakubuntu/node_modules/puppeteer/lib/cjs/puppeteer/common/JSHandle.js:697:24)\n    at async DOMWorld.$$eval (/home/nakubuntu/node_modules/puppeteer/lib/cjs/puppeteer/common/DOMWorld.js:118:23)\n    at async Suzaku.getChannelMessages (/home/nakubuntu/Documents/Personal/Vibritannia/Suzaku/suzaku.js:76:18)\n    at async Suzaku.start (/home/nakubuntu/Documents/Personal/Vibritannia/Suzaku/suzaku.js:95:7)"},"msg":"Evaluation failed: TypeError: Cannot read property 'innerText' of null\n    at <anonymous>:7:24\n    at Array.map (<anonymous>)\n    at <anonymous>:2:16","time":"2021-06-19T18:37:29.343Z","v":0}
{"name":"suzaku","hostname":"nakubuntu-Inspiron-7572","pid":32664,"email":"fernandonakamuta@gmail.com","level":30,"msg":"Restarting Suzaku...","time":"2021-06-19T18:37:29.344Z","v":0}
{"name":"suzaku","hostname":"nakubuntu-Inspiron-7572","pid":32664,"level":30,"msg":"Browser started.","time":"2021-06-19T18:37:30.355Z","v":0}
{"name":"suzaku","hostname":"nakubuntu-Inspiron-7572","pid":32664,"email":"fernandonakamuta@gmail.com","level":30,"msg":"Entering channel rtx3070","time":"2021-06-19T18:37:35.170Z","v":0}
{"name":"suzaku","hostname":"nakubuntu-Inspiron-7572","pid":32664,"email":"fernandonakamuta@gmail.com","level":30,"msg":"Channel loaded!","time":"2021-06-19T18:37:38.095Z","v":0}
{"name":"suzaku","hostname":"nakubuntu-Inspiron-7572","pid":32664,"email":"fernandonakamuta@gmail.com","level":30,"msg":"Getting messages...","time":"2021-06-19T18:37:38.095Z","v":0}
{"name":"suzaku","hostname":"nakubuntu-Inspiron-7572","pid":32664,"email":"fernandonakamuta@gmail.com","level":50,"err":{"message":"Evaluation failed: TypeError: Cannot read property 'innerText' of null\n    at <anonymous>:7:24\n    at Array.map (<anonymous>)\n    at <anonymous>:2:16","name":"Error","stack":"Error: Evaluation failed: TypeError: Cannot read property 'innerText' of null\n    at <anonymous>:7:24\n    at Array.map (<anonymous>)\n    at <anonymous>:2:16\n    at ExecutionContext._evaluateInternal (/home/nakubuntu/node_modules/puppeteer/lib/cjs/puppeteer/common/ExecutionContext.js:221:19)\n    at runMicrotasks (<anonymous>)\n    at processTicksAndRejections (internal/process/task_queues.js:97:5)\n    at async ExecutionContext.evaluate (/home/nakubuntu/node_modules/puppeteer/lib/cjs/puppeteer/common/ExecutionContext.js:110:16)\n    at async JSHandle.evaluate (/home/nakubuntu/node_modules/puppeteer/lib/cjs/puppeteer/common/JSHandle.js:102:16)\n    at async ElementHandle.$$eval (/home/nakubuntu/node_modules/puppeteer/lib/cjs/puppeteer/common/JSHandle.js:697:24)\n    at async DOMWorld.$$eval (/home/nakubuntu/node_modules/puppeteer/lib/cjs/puppeteer/common/DOMWorld.js:118:23)\n    at async Suzaku.getChannelMessages (/home/nakubuntu/Documents/Personal/Vibritannia/Suzaku/suzaku.js:76:18)\n    at async Suzaku.start (/home/nakubuntu/Documents/Personal/Vibritannia/Suzaku/suzaku.js:95:7)\n    at async Suzaku.restart (/home/nakubuntu/Documents/Personal/Vibritannia/Suzaku/suzaku.js:66:5)"},"msg":"Evaluation failed: TypeError: Cannot read property 'innerText' of null\n    at <anonymous>:7:24\n    at Array.map (<anonymous>)\n    at <anonymous>:2:16","time":"2021-06-19T18:37:38.536Z","v":0}
{"name":"suzaku","hostname":"nakubuntu-Inspiron-7572","pid":32664,"email":"fernandonakamuta@gmail.com","level":30,"msg":"Restarting Suzaku...","time":"2021-06-19T18:37:38.536Z","v":0}
{"name":"suzaku","hostname":"nakubuntu-Inspiron-7572","pid":32664,"level":30,"msg":"Browser started.","time":"2021-06-19T18:37:39.547Z","v":0}
{"name":"suzaku","hostname":"nakubuntu-Inspiron-7572","pid":32664,"email":"fernandonakamuta@gmail.com","level":30,"msg":"Entering channel rtx3070","time":"2021-06-19T18:37:44.282Z","v":0}
{"name":"suzaku","hostname":"nakubuntu-Inspiron-7572","pid":32664,"email":"fernandonakamuta@gmail.com","level":30,"msg":"Channel loaded!","time":"2021-06-19T18:37:47.157Z","v":0}
{"name":"suzaku","hostname":"nakubuntu-Inspiron-7572","pid":32664,"email":"fernandonakamuta@gmail.com","level":30,"msg":"Getting messages...","time":"2021-06-19T18:37:47.157Z","v":0}
{"name":"suzaku","hostname":"nakubuntu-Inspiron-7572","pid":32664,"email":"fernandonakamuta@gmail.com","level":50,"err":{"message":"Evaluation failed: TypeError: Cannot read property 'innerText' of null\n    at <anonymous>:7:24\n    at Array.map (<anonymous>)\n    at <anonymous>:2:16","name":"Error","stack":"Error: Evaluation failed: TypeError: Cannot read property 'innerText' of null\n    at <anonymous>:7:24\n    at Array.map (<anonymous>)\n    at <anonymous>:2:16\n    at ExecutionContext._evaluateInternal (/home/nakubuntu/node_modules/puppeteer/lib/cjs/puppeteer/common/ExecutionContext.js:221:19)\n    at runMicrotasks (<anonymous>)\n    at processTicksAndRejections (internal/process/task_queues.js:97:5)\n    at async ExecutionContext.evaluate (/home/nakubuntu/node_modules/puppeteer/lib/cjs/puppeteer/common/ExecutionContext.js:110:16)\n    at async JSHandle.evaluate (/home/nakubuntu/node_modules/puppeteer/lib/cjs/puppeteer/common/JSHandle.js:102:16)\n    at async ElementHandle.$$eval (/home/nakubuntu/node_modules/puppeteer/lib/cjs/puppeteer/common/JSHandle.js:697:24)\n    at async DOMWorld.$$eval (/home/nakubuntu/node_modules/puppeteer/lib/cjs/puppeteer/common/DOMWorld.js:118:23)\n    at async Suzaku.getChannelMessages (/home/nakubuntu/Documents/Personal/Vibritannia/Suzaku/suzaku.js:76:18)\n    at async Suzaku.start (/home/nakubuntu/Documents/Personal/Vibritannia/Suzaku/suzaku.js:95:7)\n    at async Suzaku.restart (/home/nakubuntu/Documents/Personal/Vibritannia/Suzaku/suzaku.js:66:5)"},"msg":"Evaluation failed: TypeError: Cannot read property 'innerText' of null\n    at <anonymous>:7:24\n    at Array.map (<anonymous>)\n    at <anonymous>:2:16","time":"2021-06-19T18:37:47.526Z","v":0}
{"name":"suzaku","hostname":"nakubuntu-Inspiron-7572","pid":32664,"email":"fernandonakamuta@gmail.com","level":30,"msg":"Restarting Suzaku...","time":"2021-06-19T18:37:47.527Z","v":0}
{"name":"suzaku","hostname":"nakubuntu-Inspiron-7572","pid":32664,"level":30,"msg":"Browser started.","time":"2021-06-19T18:37:48.628Z","v":0}
{"name":"suzaku","hostname":"nakubuntu-Inspiron-7572","pid":33507,"level":30,"msg":"👳 Hello ViBritannia, I am Suzaku","time":"2021-06-19T18:38:39.252Z","v":0}
{"name":"suzaku","hostname":"nakubuntu-Inspiron-7572","pid":33507,"level":30,"msg":"Browser started.","time":"2021-06-19T18:38:39.993Z","v":0}
{"name":"suzaku","hostname":"nakubuntu-Inspiron-7572","pid":33507,"email":"fernandonakamuta@gmail.com","level":30,"msg":"Entering channel rtx3070","time":"2021-06-19T18:38:44.956Z","v":0}
{"name":"suzaku","hostname":"nakubuntu-Inspiron-7572","pid":33507,"email":"fernandonakamuta@gmail.com","level":30,"msg":"Getting messages...","time":"2021-06-19T18:38:48.158Z","v":0}
{"name":"suzaku","hostname":"nakubuntu-Inspiron-7572","pid":33507,"email":"fernandonakamuta@gmail.com","level":50,"err":{"message":"Evaluation failed: TypeError: Cannot read property 'innerText' of null\n    at <anonymous>:7:24\n    at Array.map (<anonymous>)\n    at <anonymous>:2:16","name":"Error","stack":"Error: Evaluation failed: TypeError: Cannot read property 'innerText' of null\n    at <anonymous>:7:24\n    at Array.map (<anonymous>)\n    at <anonymous>:2:16\n    at ExecutionContext._evaluateInternal (/home/nakubuntu/node_modules/puppeteer/lib/cjs/puppeteer/common/ExecutionContext.js:221:19)\n    at processTicksAndRejections (internal/process/task_queues.js:97:5)\n    at async ExecutionContext.evaluate (/home/nakubuntu/node_modules/puppeteer/lib/cjs/puppeteer/common/ExecutionContext.js:110:16)\n    at async JSHandle.evaluate (/home/nakubuntu/node_modules/puppeteer/lib/cjs/puppeteer/common/JSHandle.js:102:16)\n    at async ElementHandle.$$eval (/home/nakubuntu/node_modules/puppeteer/lib/cjs/puppeteer/common/JSHandle.js:697:24)\n    at async DOMWorld.$$eval (/home/nakubuntu/node_modules/puppeteer/lib/cjs/puppeteer/common/DOMWorld.js:118:23)\n    at async Suzaku.getChannelMessages (/home/nakubuntu/Documents/Personal/Vibritannia/Suzaku/suzaku.js:76:18)\n    at async Suzaku.start (/home/nakubuntu/Documents/Personal/Vibritannia/Suzaku/suzaku.js:95:7)"},"msg":"Evaluation failed: TypeError: Cannot read property 'innerText' of null\n    at <anonymous>:7:24\n    at Array.map (<anonymous>)\n    at <anonymous>:2:16","time":"2021-06-19T18:38:48.167Z","v":0}
{"name":"suzaku","hostname":"nakubuntu-Inspiron-7572","pid":33507,"email":"fernandonakamuta@gmail.com","level":30,"msg":"Restarting Suzaku...","time":"2021-06-19T18:38:48.167Z","v":0}
{"name":"suzaku","hostname":"nakubuntu-Inspiron-7572","pid":33507,"level":30,"msg":"Browser started.","time":"2021-06-19T18:38:49.136Z","v":0}
{"name":"suzaku","hostname":"nakubuntu-Inspiron-7572","pid":33507,"email":"fernandonakamuta@gmail.com","level":30,"msg":"Entering channel rtx3070","time":"2021-06-19T18:38:56.177Z","v":0}
{"name":"suzaku","hostname":"nakubuntu-Inspiron-7572","pid":33507,"email":"fernandonakamuta@gmail.com","level":30,"msg":"Getting messages...","time":"2021-06-19T18:38:59.569Z","v":0}
{"name":"suzaku","hostname":"nakubuntu-Inspiron-7572","pid":33507,"email":"fernandonakamuta@gmail.com","level":50,"err":{"message":"Evaluation failed: TypeError: Cannot read property 'innerText' of null\n    at <anonymous>:7:24\n    at Array.map (<anonymous>)\n    at <anonymous>:2:16","name":"Error","stack":"Error: Evaluation failed: TypeError: Cannot read property 'innerText' of null\n    at <anonymous>:7:24\n    at Array.map (<anonymous>)\n    at <anonymous>:2:16\n    at ExecutionContext._evaluateInternal (/home/nakubuntu/node_modules/puppeteer/lib/cjs/puppeteer/common/ExecutionContext.js:221:19)\n    at runMicrotasks (<anonymous>)\n    at processTicksAndRejections (internal/process/task_queues.js:97:5)\n    at async ExecutionContext.evaluate (/home/nakubuntu/node_modules/puppeteer/lib/cjs/puppeteer/common/ExecutionContext.js:110:16)\n    at async JSHandle.evaluate (/home/nakubuntu/node_modules/puppeteer/lib/cjs/puppeteer/common/JSHandle.js:102:16)\n    at async ElementHandle.$$eval (/home/nakubuntu/node_modules/puppeteer/lib/cjs/puppeteer/common/JSHandle.js:697:24)\n    at async DOMWorld.$$eval (/home/nakubuntu/node_modules/puppeteer/lib/cjs/puppeteer/common/DOMWorld.js:118:23)\n    at async Suzaku.getChannelMessages (/home/nakubuntu/Documents/Personal/Vibritannia/Suzaku/suzaku.js:76:18)\n    at async Suzaku.start (/home/nakubuntu/Documents/Personal/Vibritannia/Suzaku/suzaku.js:95:7)\n    at async Suzaku.restart (/home/nakubuntu/Documents/Personal/Vibritannia/Suzaku/suzaku.js:66:5)"},"msg":"Evaluation failed: TypeError: Cannot read property 'innerText' of null\n    at <anonymous>:7:24\n    at Array.map (<anonymous>)\n    at <anonymous>:2:16","time":"2021-06-19T18:38:59.578Z","v":0}
{"name":"suzaku","hostname":"nakubuntu-Inspiron-7572","pid":33507,"email":"fernandonakamuta@gmail.com","level":30,"msg":"Restarting Suzaku...","time":"2021-06-19T18:38:59.578Z","v":0}
{"name":"suzaku","hostname":"nakubuntu-Inspiron-7572","pid":33507,"level":30,"msg":"Browser started.","time":"2021-06-19T18:39:00.685Z","v":0}
{"name":"suzaku","hostname":"nakubuntu-Inspiron-7572","pid":34316,"level":30,"msg":"👳 Hello ViBritannia, I am Suzaku","time":"2021-06-19T18:41:48.020Z","v":0}
{"name":"suzaku","hostname":"nakubuntu-Inspiron-7572","pid":34316,"level":30,"msg":"Browser started.","time":"2021-06-19T18:41:48.803Z","v":0}
{"name":"suzaku","hostname":"nakubuntu-Inspiron-7572","pid":34316,"email":"fernandonakamuta@gmail.com","level":30,"msg":"Entering channel rtx3070","time":"2021-06-19T18:41:54.142Z","v":0}
{"name":"suzaku","hostname":"nakubuntu-Inspiron-7572","pid":34316,"email":"fernandonakamuta@gmail.com","level":30,"msg":"Getting messages...","time":"2021-06-19T18:41:58.326Z","v":0}
